0    [main] INFO  com.project.utilities.BasePage  - [[ChromeDriver: chrome on XP (3c32fd48d46ff7480c935849a4aef54f)] -> xpath: //a[@data-button-type='Static' and @data-button-name='Login']] found
729  [main] INFO  com.project.utilities.BasePage  - [[ChromeDriver: chrome on XP (3c32fd48d46ff7480c935849a4aef54f)] -> id: si_popup_email] found
1428 [main] INFO  com.project.utilities.BasePage  - [[ChromeDriver: chrome on XP (3c32fd48d46ff7480c935849a4aef54f)] -> id: si_popup_passwd] found
1541 [main] INFO  com.project.utilities.BasePage  - [[ChromeDriver: chrome on XP (3c32fd48d46ff7480c935849a4aef54f)] -> xpath: //button[text()='Login']] found
6311 [main] INFO  com.project.utilities.BasePage  - [[ChromeDriver: chrome on XP (3c32fd48d46ff7480c935849a4aef54f)] -> xpath: (//span[@class='webinar-profile-name'])[1]] found
7563 [main] INFO  com.project.utilities.BasePage  - [[ChromeDriver: chrome on XP (3c32fd48d46ff7480c935849a4aef54f)] -> link text: My Profile] found
28802 [main] INFO  com.project.utilities.BasePage  - [[ChromeDriver: chrome on XP (3c32fd48d46ff7480c935849a4aef54f)] -> xpath: (//a[@class='profile-edit-icon'])[2]] found
29994 [main] INFO  com.project.utilities.BasePage  - [[ChromeDriver: chrome on XP (3c32fd48d46ff7480c935849a4aef54f)] -> name: companyName] found
33038 [main] INFO  com.project.utilities.BasePage  - [[ChromeDriver: chrome on XP (3c32fd48d46ff7480c935849a4aef54f)] -> name: userSkill] found
0    [main] INFO  com.project.utilities.BasePage  - [[ChromeDriver: chrome on XP (41331586277e2a1017365050304c1ab3)] -> xpath: //a[@data-button-type='Static' and @data-button-name='Login']] found
736  [main] INFO  com.project.utilities.BasePage  - [[ChromeDriver: chrome on XP (41331586277e2a1017365050304c1ab3)] -> id: si_popup_email] found
1520 [main] INFO  com.project.utilities.BasePage  - [[ChromeDriver: chrome on XP (41331586277e2a1017365050304c1ab3)] -> id: si_popup_passwd] found
1624 [main] INFO  com.project.utilities.BasePage  - [[ChromeDriver: chrome on XP (41331586277e2a1017365050304c1ab3)] -> xpath: //button[text()='Login']] found
7177 [main] INFO  com.project.utilities.BasePage  - [[ChromeDriver: chrome on XP (41331586277e2a1017365050304c1ab3)] -> xpath: (//span[@class='webinar-profile-name'])[1]] found
8468 [main] INFO  com.project.utilities.BasePage  - [[ChromeDriver: chrome on XP (41331586277e2a1017365050304c1ab3)] -> link text: My Profile] found
47409 [main] INFO  com.project.utilities.BasePage  - [[ChromeDriver: chrome on XP (41331586277e2a1017365050304c1ab3)] -> xpath: (//a[@class='profile-edit-icon'])[2]] found
48548 [main] INFO  com.project.utilities.BasePage  - [[ChromeDriver: chrome on XP (41331586277e2a1017365050304c1ab3)] -> name: companyName] found
51767 [main] INFO  com.project.utilities.BasePage  - [[ChromeDriver: chrome on XP (41331586277e2a1017365050304c1ab3)] -> name: userSkill] found
0    [main] INFO  com.project.utilities.BasePage  - [[ChromeDriver: chrome on XP (31d29e320b9817ba76b90459a8348b8a)] -> xpath: //a[@data-button-type='Static' and @data-button-name='Login']] found
853  [main] INFO  com.project.utilities.BasePage  - [[ChromeDriver: chrome on XP (31d29e320b9817ba76b90459a8348b8a)] -> id: si_popup_email] found
1630 [main] INFO  com.project.utilities.BasePage  - [[ChromeDriver: chrome on XP (31d29e320b9817ba76b90459a8348b8a)] -> id: si_popup_passwd] found
1732 [main] INFO  com.project.utilities.BasePage  - [[ChromeDriver: chrome on XP (31d29e320b9817ba76b90459a8348b8a)] -> xpath: //button[text()='Login']] found
9454 [main] INFO  com.project.utilities.BasePage  - [[ChromeDriver: chrome on XP (31d29e320b9817ba76b90459a8348b8a)] -> xpath: (//span[@class='webinar-profile-name'])[1]] found
10153 [main] INFO  com.project.utilities.BasePage  - [[ChromeDriver: chrome on XP (31d29e320b9817ba76b90459a8348b8a)] -> link text: My Profile] found
42351 [main] INFO  com.project.utilities.BasePage  - [[ChromeDriver: chrome on XP (31d29e320b9817ba76b90459a8348b8a)] -> xpath: (//a[@class='profile-edit-icon'])[2]] found
43501 [main] INFO  com.project.utilities.BasePage  - [[ChromeDriver: chrome on XP (31d29e320b9817ba76b90459a8348b8a)] -> name: companyName] found
46591 [main] INFO  com.project.utilities.BasePage  - [[ChromeDriver: chrome on XP (31d29e320b9817ba76b90459a8348b8a)] -> name: userSkill] found
0    [main] INFO  com.project.utilities.BasePage  - [[ChromeDriver: chrome on XP (be978c0f684c41b947c8571b3530a34c)] -> xpath: //a[@data-button-type='Static' and @data-button-name='Login']] found
700  [main] INFO  com.project.utilities.BasePage  - [[ChromeDriver: chrome on XP (be978c0f684c41b947c8571b3530a34c)] -> id: si_popup_email] found
1369 [main] INFO  com.project.utilities.BasePage  - [[ChromeDriver: chrome on XP (be978c0f684c41b947c8571b3530a34c)] -> id: si_popup_passwd] found
1481 [main] INFO  com.project.utilities.BasePage  - [[ChromeDriver: chrome on XP (be978c0f684c41b947c8571b3530a34c)] -> xpath: //button[text()='Login']] found
7194 [main] INFO  com.project.utilities.BasePage  - [[ChromeDriver: chrome on XP (be978c0f684c41b947c8571b3530a34c)] -> xpath: (//span[@class='webinar-profile-name'])[1]] found
8123 [main] INFO  com.project.utilities.BasePage  - [[ChromeDriver: chrome on XP (be978c0f684c41b947c8571b3530a34c)] -> link text: My Profile] found
31330 [main] INFO  com.project.utilities.BasePage  - [[ChromeDriver: chrome on XP (be978c0f684c41b947c8571b3530a34c)] -> xpath: (//a[@class='profile-edit-icon'])[2]] found
32432 [main] INFO  com.project.utilities.BasePage  - [[ChromeDriver: chrome on XP (be978c0f684c41b947c8571b3530a34c)] -> name: companyName] found
35474 [main] INFO  com.project.utilities.BasePage  - [[ChromeDriver: chrome on XP (be978c0f684c41b947c8571b3530a34c)] -> name: userSkill] found
0    [main] INFO  com.project.utilities.BasePage  - [[ChromeDriver: chrome on XP (85cf06c33ee46729315f154917dffbda)] -> xpath: //a[@data-button-type='Static' and @data-button-name='Login']] found
649  [main] INFO  com.project.utilities.BasePage  - [[ChromeDriver: chrome on XP (85cf06c33ee46729315f154917dffbda)] -> id: si_popup_email] found
1364 [main] INFO  com.project.utilities.BasePage  - [[ChromeDriver: chrome on XP (85cf06c33ee46729315f154917dffbda)] -> id: si_popup_passwd] found
1692 [main] INFO  com.project.utilities.BasePage  - [[ChromeDriver: chrome on XP (85cf06c33ee46729315f154917dffbda)] -> xpath: //button[text()='Login']] found
0    [main] INFO  com.project.utilities.BasePage  - [[ChromeDriver: chrome on XP (aabdaaff0abe282d51b2fec8d22340dc)] -> xpath: //a[@data-button-type='Static' and @data-button-name='Login']] found
714  [main] INFO  com.project.utilities.BasePage  - [[ChromeDriver: chrome on XP (aabdaaff0abe282d51b2fec8d22340dc)] -> id: si_popup_email] found
1546 [main] INFO  com.project.utilities.BasePage  - [[ChromeDriver: chrome on XP (aabdaaff0abe282d51b2fec8d22340dc)] -> id: si_popup_passwd] found
1653 [main] INFO  com.project.utilities.BasePage  - [[ChromeDriver: chrome on XP (aabdaaff0abe282d51b2fec8d22340dc)] -> xpath: //button[text()='Login']] found
7424 [main] INFO  com.project.utilities.BasePage  - [[ChromeDriver: chrome on XP (aabdaaff0abe282d51b2fec8d22340dc)] -> xpath: (//span[@class='webinar-profile-name'])[1]] found
8867 [main] INFO  com.project.utilities.BasePage  - [[ChromeDriver: chrome on XP (aabdaaff0abe282d51b2fec8d22340dc)] -> link text: My Profile] found
53172 [main] INFO  com.project.utilities.BasePage  - [[ChromeDriver: chrome on XP (aabdaaff0abe282d51b2fec8d22340dc)] -> xpath: (//a[@class='profile-edit-icon'])[2]] found
54319 [main] INFO  com.project.utilities.BasePage  - [[ChromeDriver: chrome on XP (aabdaaff0abe282d51b2fec8d22340dc)] -> name: companyName] found
57470 [main] INFO  com.project.utilities.BasePage  - [[ChromeDriver: chrome on XP (aabdaaff0abe282d51b2fec8d22340dc)] -> name: userSkill] found
0    [main] INFO  com.project.utilities.BasePage  - [[ChromeDriver: chrome on XP (1008132736b0682f97f8769765c32581)] -> xpath: //a[@data-button-type='Static' and @data-button-name='Login']] found
755  [main] INFO  com.project.utilities.BasePage  - [[ChromeDriver: chrome on XP (1008132736b0682f97f8769765c32581)] -> id: si_popup_email] found
1437 [main] INFO  com.project.utilities.BasePage  - [[ChromeDriver: chrome on XP (1008132736b0682f97f8769765c32581)] -> id: si_popup_passwd] found
1565 [main] INFO  com.project.utilities.BasePage  - [[ChromeDriver: chrome on XP (1008132736b0682f97f8769765c32581)] -> xpath: //button[text()='Login']] found
10431 [main] INFO  com.project.utilities.BasePage  - [[ChromeDriver: chrome on XP (1008132736b0682f97f8769765c32581)] -> xpath: (//span[@class='webinar-profile-name'])[1]] found
11151 [main] INFO  com.project.utilities.BasePage  - [[ChromeDriver: chrome on XP (1008132736b0682f97f8769765c32581)] -> link text: My Profile] found
39402 [main] INFO  com.project.utilities.BasePage  - [[ChromeDriver: chrome on XP (1008132736b0682f97f8769765c32581)] -> xpath: (//a[@class='profile-edit-icon'])[2]] found
40512 [main] INFO  com.project.utilities.BasePage  - [[ChromeDriver: chrome on XP (1008132736b0682f97f8769765c32581)] -> name: companyName] found
44014 [main] INFO  com.project.utilities.BasePage  - [[ChromeDriver: chrome on XP (1008132736b0682f97f8769765c32581)] -> name: userSkill] found
0    [main] INFO  com.project.utilities.BasePage  - [[ChromeDriver: chrome on XP (1d0d831bbe54eb74d1a301825398fbd0)] -> xpath: //a[@data-button-type='Static' and @data-button-name='Login']] found
986  [main] INFO  com.project.utilities.BasePage  - [[ChromeDriver: chrome on XP (1d0d831bbe54eb74d1a301825398fbd0)] -> id: si_popup_email] found
1950 [main] INFO  com.project.utilities.BasePage  - [[ChromeDriver: chrome on XP (1d0d831bbe54eb74d1a301825398fbd0)] -> id: si_popup_passwd] found
2897 [main] INFO  com.project.utilities.BasePage  - [[ChromeDriver: chrome on XP (1d0d831bbe54eb74d1a301825398fbd0)] -> xpath: //button[text()='Login']] found
7270 [main] INFO  com.project.utilities.BasePage  - [[ChromeDriver: chrome on XP (1d0d831bbe54eb74d1a301825398fbd0)] -> id: dropdownMenu3] found
8442 [main] INFO  com.project.utilities.BasePage  - [[ChromeDriver: chrome on XP (1d0d831bbe54eb74d1a301825398fbd0)] -> link text: All Courses] found
18314 [main] INFO  com.project.utilities.BasePage  - [[ChromeDriver: chrome on XP (1d0d831bbe54eb74d1a301825398fbd0)] -> id: search-inp] found
19686 [main] INFO  com.project.utilities.BasePage  - [[ChromeDriver: chrome on XP (1d0d831bbe54eb74d1a301825398fbd0)] -> id: search-button-top] found
23125 [main] INFO  com.project.utilities.BasePage  - [[ChromeDriver: chrome on XP (1d0d831bbe54eb74d1a301825398fbd0)] -> id: d_wishlist-icon-535] found
23815 [main] INFO  com.project.utilities.BasePage  - [[ChromeDriver: chrome on XP (1d0d831bbe54eb74d1a301825398fbd0)] -> xpath: (//span[@class='webinar-profile-name'])[1]] found
24483 [main] INFO  com.project.utilities.BasePage  - [[ChromeDriver: chrome on XP (1d0d831bbe54eb74d1a301825398fbd0)] -> link text: My Wishlist] found
0    [main] INFO  com.project.utilities.BasePage  - [[ChromeDriver: chrome on XP (814296b02e69ae5f4d150c6a304fa389)] -> xpath: //a[@data-button-type='Static' and @data-button-name='Login']] found
982  [main] INFO  com.project.utilities.BasePage  - [[ChromeDriver: chrome on XP (814296b02e69ae5f4d150c6a304fa389)] -> id: si_popup_email] found
1829 [main] INFO  com.project.utilities.BasePage  - [[ChromeDriver: chrome on XP (814296b02e69ae5f4d150c6a304fa389)] -> id: si_popup_passwd] found
3470 [main] INFO  com.project.utilities.BasePage  - [[ChromeDriver: chrome on XP (814296b02e69ae5f4d150c6a304fa389)] -> xpath: //button[text()='Login']] found
9206 [main] INFO  com.project.utilities.BasePage  - [[ChromeDriver: chrome on XP (814296b02e69ae5f4d150c6a304fa389)] -> id: dropdownMenu4] found
1    [main] INFO  com.project.utilities.BasePage  - [[ChromeDriver: chrome on XP (4ebfffb214cac5e7dde902914e0c64aa)] -> xpath: //a[@data-button-type='Static' and @data-button-name='Login']] found
945  [main] INFO  com.project.utilities.BasePage  - [[ChromeDriver: chrome on XP (4ebfffb214cac5e7dde902914e0c64aa)] -> id: si_popup_email] found
1842 [main] INFO  com.project.utilities.BasePage  - [[ChromeDriver: chrome on XP (4ebfffb214cac5e7dde902914e0c64aa)] -> id: si_popup_passwd] found
3460 [main] INFO  com.project.utilities.BasePage  - [[ChromeDriver: chrome on XP (4ebfffb214cac5e7dde902914e0c64aa)] -> xpath: //button[text()='Login']] found
10657 [main] INFO  com.project.utilities.BasePage  - [[ChromeDriver: chrome on XP (4ebfffb214cac5e7dde902914e0c64aa)] -> id: dropdownMenu4] found
96385 [main] DEBUG com.project.utilities.BasePage  - This is a debug messageProxy element for: DefaultElementLocator 'By.xpath: (//a[@data-button-name='Blog' and @class='trackButton'])[2]'not found
0    [main] INFO  com.project.utilities.BasePage  - [[ChromeDriver: chrome on XP (8840c2a6ccba77c43fcb3f3e66763087)] -> xpath: //a[@data-button-type='Static' and @data-button-name='Login']] found
953  [main] INFO  com.project.utilities.BasePage  - [[ChromeDriver: chrome on XP (8840c2a6ccba77c43fcb3f3e66763087)] -> id: si_popup_email] found
2009 [main] INFO  com.project.utilities.BasePage  - [[ChromeDriver: chrome on XP (8840c2a6ccba77c43fcb3f3e66763087)] -> id: si_popup_passwd] found
3654 [main] INFO  com.project.utilities.BasePage  - [[ChromeDriver: chrome on XP (8840c2a6ccba77c43fcb3f3e66763087)] -> xpath: //button[text()='Login']] found
11289 [main] INFO  com.project.utilities.BasePage  - [[ChromeDriver: chrome on XP (8840c2a6ccba77c43fcb3f3e66763087)] -> id: dropdownMenu4] found
0    [main] INFO  com.project.utilities.BasePage  - [[ChromeDriver: chrome on XP (4c395eb13652012eaddadca5206cbd69)] -> xpath: //a[@data-button-type='Static' and @data-button-name='Login']] found
968  [main] INFO  com.project.utilities.BasePage  - [[ChromeDriver: chrome on XP (4c395eb13652012eaddadca5206cbd69)] -> id: si_popup_email] found
1814 [main] INFO  com.project.utilities.BasePage  - [[ChromeDriver: chrome on XP (4c395eb13652012eaddadca5206cbd69)] -> id: si_popup_passwd] found
3441 [main] INFO  com.project.utilities.BasePage  - [[ChromeDriver: chrome on XP (4c395eb13652012eaddadca5206cbd69)] -> xpath: //button[text()='Login']] found
9758 [main] INFO  com.project.utilities.BasePage  - [[ChromeDriver: chrome on XP (4c395eb13652012eaddadca5206cbd69)] -> id: dropdownMenu4] found
0    [main] INFO  com.project.utilities.BasePage  - [[ChromeDriver: chrome on XP (8479de04048c187bf747f67fb1e8be7d)] -> xpath: //a[@data-button-type='Static' and @data-button-name='Login']] found
993  [main] INFO  com.project.utilities.BasePage  - [[ChromeDriver: chrome on XP (8479de04048c187bf747f67fb1e8be7d)] -> id: si_popup_email] found
1859 [main] INFO  com.project.utilities.BasePage  - [[ChromeDriver: chrome on XP (8479de04048c187bf747f67fb1e8be7d)] -> id: si_popup_passwd] found
2672 [main] INFO  com.project.utilities.BasePage  - [[ChromeDriver: chrome on XP (8479de04048c187bf747f67fb1e8be7d)] -> xpath: //button[text()='Login']] found
10194 [main] INFO  com.project.utilities.BasePage  - [[ChromeDriver: chrome on XP (8479de04048c187bf747f67fb1e8be7d)] -> id: dropdownMenu4] found
13185 [main] INFO  com.project.utilities.BasePage  - [[ChromeDriver: chrome on XP (8479de04048c187bf747f67fb1e8be7d)] -> link text: Blog] found
20133 [main] INFO  com.project.utilities.BasePage  - [[ChromeDriver: chrome on XP (8479de04048c187bf747f67fb1e8be7d)] -> id: search-inp] found
23036 [main] INFO  com.project.utilities.BasePage  - [[ChromeDriver: chrome on XP (8479de04048c187bf747f67fb1e8be7d)] -> xpath: (//i[@class='icon-search search_ico submit-ico-button search-button-top'])[1]] found
29129 [main] INFO  com.project.utilities.BasePage  - [[ChromeDriver: chrome on XP (8479de04048c187bf747f67fb1e8be7d)] -> link text: Interview Questions] found
0    [main] INFO  com.project.utilities.BasePage  - [[ChromeDriver: chrome on XP (f3e1c5b590f84b36e00f9306735be339)] -> xpath: //a[@data-button-type='Static' and @data-button-name='Login']] found
672  [main] INFO  com.project.utilities.BasePage  - [[ChromeDriver: chrome on XP (f3e1c5b590f84b36e00f9306735be339)] -> id: si_popup_email] found
2430 [main] INFO  com.project.utilities.BasePage  - [[ChromeDriver: chrome on XP (f3e1c5b590f84b36e00f9306735be339)] -> id: si_popup_passwd] found
3273 [main] INFO  com.project.utilities.BasePage  - [[ChromeDriver: chrome on XP (f3e1c5b590f84b36e00f9306735be339)] -> xpath: //button[text()='Login']] found
0    [main] INFO  com.project.utilities.BasePage  - [[ChromeDriver: chrome on XP (9da2db9a40466d19b7ea17ebdd515f27)] -> xpath: //a[@data-button-type='Static' and @data-button-name='Login']] found
928  [main] INFO  com.project.utilities.BasePage  - [[ChromeDriver: chrome on XP (9da2db9a40466d19b7ea17ebdd515f27)] -> id: si_popup_email] found
1814 [main] INFO  com.project.utilities.BasePage  - [[ChromeDriver: chrome on XP (9da2db9a40466d19b7ea17ebdd515f27)] -> id: si_popup_passwd] found
2646 [main] INFO  com.project.utilities.BasePage  - [[ChromeDriver: chrome on XP (9da2db9a40466d19b7ea17ebdd515f27)] -> xpath: //button[text()='Login']] found
7448 [main] INFO  com.project.utilities.BasePage  - [[ChromeDriver: chrome on XP (9da2db9a40466d19b7ea17ebdd515f27)] -> id: dropdownMenu3] found
8375 [main] INFO  com.project.utilities.BasePage  - [[ChromeDriver: chrome on XP (9da2db9a40466d19b7ea17ebdd515f27)] -> link text: My Classroom] found
36773 [main] INFO  com.project.utilities.BasePage  - [[ChromeDriver: chrome on XP (9da2db9a40466d19b7ea17ebdd515f27)] -> xpath: //span[@class='user_name']] found
36922 [main] INFO  com.project.utilities.BasePage  - [[ChromeDriver: chrome on XP (9da2db9a40466d19b7ea17ebdd515f27)] -> link text: Log Out] found
0    [main] INFO  com.project.utilities.BasePage  - [[ChromeDriver: chrome on XP (e53622a30a9de36fe6e0cd5200759c06)] -> xpath: //a[@data-button-type='Static' and @data-button-name='Login']] found
1084 [main] INFO  com.project.utilities.BasePage  - [[ChromeDriver: chrome on XP (e53622a30a9de36fe6e0cd5200759c06)] -> id: si_popup_email] found
1930 [main] INFO  com.project.utilities.BasePage  - [[ChromeDriver: chrome on XP (e53622a30a9de36fe6e0cd5200759c06)] -> id: si_popup_passwd] found
2796 [main] INFO  com.project.utilities.BasePage  - [[ChromeDriver: chrome on XP (e53622a30a9de36fe6e0cd5200759c06)] -> xpath: //button[text()='Login']] found
8309 [main] INFO  com.project.utilities.BasePage  - [[ChromeDriver: chrome on XP (e53622a30a9de36fe6e0cd5200759c06)] -> id: dropdownMenu4] found
11518 [main] INFO  com.project.utilities.BasePage  - [[ChromeDriver: chrome on XP (e53622a30a9de36fe6e0cd5200759c06)] -> link text: Blog] found
18428 [main] INFO  com.project.utilities.BasePage  - [[ChromeDriver: chrome on XP (e53622a30a9de36fe6e0cd5200759c06)] -> id: search-inp] found
21331 [main] INFO  com.project.utilities.BasePage  - [[ChromeDriver: chrome on XP (e53622a30a9de36fe6e0cd5200759c06)] -> xpath: (//i[@class='icon-search search_ico submit-ico-button search-button-top'])[1]] found
28809 [main] INFO  com.project.utilities.BasePage  - [[ChromeDriver: chrome on XP (e53622a30a9de36fe6e0cd5200759c06)] -> link text: Interview Questions] found
0    [main] INFO  com.project.utilities.BasePage  - [[ChromeDriver: chrome on XP (f61266cae8f5101d2eb48e28bd4b9d98)] -> xpath: //a[@data-button-type='Static' and @data-button-name='Login']] found
1074 [main] INFO  com.project.utilities.BasePage  - [[ChromeDriver: chrome on XP (f61266cae8f5101d2eb48e28bd4b9d98)] -> id: si_popup_email] found
2030 [main] INFO  com.project.utilities.BasePage  - [[ChromeDriver: chrome on XP (f61266cae8f5101d2eb48e28bd4b9d98)] -> id: si_popup_passwd] found
2933 [main] INFO  com.project.utilities.BasePage  - [[ChromeDriver: chrome on XP (f61266cae8f5101d2eb48e28bd4b9d98)] -> xpath: //button[text()='Login']] found
7624 [main] INFO  com.project.utilities.BasePage  - [[ChromeDriver: chrome on XP (f61266cae8f5101d2eb48e28bd4b9d98)] -> id: dropdownMenu3] found
9156 [main] INFO  com.project.utilities.BasePage  - [[ChromeDriver: chrome on XP (f61266cae8f5101d2eb48e28bd4b9d98)] -> link text: All Courses] found
20661 [main] INFO  com.project.utilities.BasePage  - [[ChromeDriver: chrome on XP (f61266cae8f5101d2eb48e28bd4b9d98)] -> id: search-inp] found
21808 [main] INFO  com.project.utilities.BasePage  - [[ChromeDriver: chrome on XP (f61266cae8f5101d2eb48e28bd4b9d98)] -> id: search-button-top] found
24988 [main] INFO  com.project.utilities.BasePage  - [[ChromeDriver: chrome on XP (f61266cae8f5101d2eb48e28bd4b9d98)] -> id: d_wishlist-icon-535] found
25647 [main] INFO  com.project.utilities.BasePage  - [[ChromeDriver: chrome on XP (f61266cae8f5101d2eb48e28bd4b9d98)] -> xpath: (//span[@class='webinar-profile-name'])[1]] found
26328 [main] INFO  com.project.utilities.BasePage  - [[ChromeDriver: chrome on XP (f61266cae8f5101d2eb48e28bd4b9d98)] -> link text: My Wishlist] found
0    [main] INFO  com.project.utilities.BasePage  - [[ChromeDriver: chrome on XP (968da784b880b2de102418296002c1b9)] -> xpath: //a[@data-button-type='Static' and @data-button-name='Login']] found
947  [main] INFO  com.project.utilities.BasePage  - [[ChromeDriver: chrome on XP (968da784b880b2de102418296002c1b9)] -> id: si_popup_email] found
1978 [main] INFO  com.project.utilities.BasePage  - [[ChromeDriver: chrome on XP (968da784b880b2de102418296002c1b9)] -> id: si_popup_passwd] found
2889 [main] INFO  com.project.utilities.BasePage  - [[ChromeDriver: chrome on XP (968da784b880b2de102418296002c1b9)] -> xpath: //button[text()='Login']] found
9766 [main] INFO  com.project.utilities.BasePage  - [[ChromeDriver: chrome on XP (968da784b880b2de102418296002c1b9)] -> id: dropdownMenu3] found
10972 [main] INFO  com.project.utilities.BasePage  - [[ChromeDriver: chrome on XP (968da784b880b2de102418296002c1b9)] -> link text: All Courses] found
18937 [main] INFO  com.project.utilities.BasePage  - [[ChromeDriver: chrome on XP (968da784b880b2de102418296002c1b9)] -> id: search-inp] found
19759 [main] INFO  com.project.utilities.BasePage  - [[ChromeDriver: chrome on XP (968da784b880b2de102418296002c1b9)] -> id: search-button-top] found
23023 [main] INFO  com.project.utilities.BasePage  - [[ChromeDriver: chrome on XP (968da784b880b2de102418296002c1b9)] -> id: d_wishlist-icon-535] found
23709 [main] INFO  com.project.utilities.BasePage  - [[ChromeDriver: chrome on XP (968da784b880b2de102418296002c1b9)] -> xpath: (//span[@class='webinar-profile-name'])[1]] found
24408 [main] INFO  com.project.utilities.BasePage  - [[ChromeDriver: chrome on XP (968da784b880b2de102418296002c1b9)] -> link text: My Wishlist] found
28084 [main] INFO  com.project.utilities.BasePage  - [[ChromeDriver: chrome on XP (968da784b880b2de102418296002c1b9)] -> xpath: //i[@class='icon-logo edu-logo-style']] found
0    [main] INFO  com.project.utilities.BasePage  - [[ChromeDriver: chrome on XP (7aa66198b64650e9e9bc075b18e9e93f)] -> xpath: //a[@data-button-type='Static' and @data-button-name='Login']] found
672  [main] INFO  com.project.utilities.BasePage  - [[ChromeDriver: chrome on XP (7aa66198b64650e9e9bc075b18e9e93f)] -> id: si_popup_email] found
1639 [main] INFO  com.project.utilities.BasePage  - [[ChromeDriver: chrome on XP (7aa66198b64650e9e9bc075b18e9e93f)] -> id: si_popup_passwd] found
2457 [main] INFO  com.project.utilities.BasePage  - [[ChromeDriver: chrome on XP (7aa66198b64650e9e9bc075b18e9e93f)] -> xpath: //button[text()='Login']] found
9744 [main] INFO  com.project.utilities.BasePage  - [[ChromeDriver: chrome on XP (7aa66198b64650e9e9bc075b18e9e93f)] -> id: dropdownMenu3] found
11651 [main] INFO  com.project.utilities.BasePage  - [[ChromeDriver: chrome on XP (7aa66198b64650e9e9bc075b18e9e93f)] -> link text: My Classroom] found
45915 [main] INFO  com.project.utilities.BasePage  - [[ChromeDriver: chrome on XP (7aa66198b64650e9e9bc075b18e9e93f)] -> xpath: //span[@class='user_name']] found
46055 [main] INFO  com.project.utilities.BasePage  - [[ChromeDriver: chrome on XP (7aa66198b64650e9e9bc075b18e9e93f)] -> link text: Log Out] found
0    [main] INFO  com.project.utilities.BasePage  - [[ChromeDriver: chrome on XP (bcd101914f7ac9fb909af28501d952fe)] -> xpath: //a[@data-button-type='Static' and @data-button-name='Login']] found
968  [main] INFO  com.project.utilities.BasePage  - [[ChromeDriver: chrome on XP (bcd101914f7ac9fb909af28501d952fe)] -> id: si_popup_email] found
1809 [main] INFO  com.project.utilities.BasePage  - [[ChromeDriver: chrome on XP (bcd101914f7ac9fb909af28501d952fe)] -> id: si_popup_passwd] found
2617 [main] INFO  com.project.utilities.BasePage  - [[ChromeDriver: chrome on XP (bcd101914f7ac9fb909af28501d952fe)] -> xpath: //button[text()='Login']] found
7982 [main] INFO  com.project.utilities.BasePage  - [[ChromeDriver: chrome on XP (bcd101914f7ac9fb909af28501d952fe)] -> id: dropdownMenu4] found
10978 [main] INFO  com.project.utilities.BasePage  - [[ChromeDriver: chrome on XP (bcd101914f7ac9fb909af28501d952fe)] -> link text: Blog] found
17894 [main] INFO  com.project.utilities.BasePage  - [[ChromeDriver: chrome on XP (bcd101914f7ac9fb909af28501d952fe)] -> id: search-inp] found
20803 [main] INFO  com.project.utilities.BasePage  - [[ChromeDriver: chrome on XP (bcd101914f7ac9fb909af28501d952fe)] -> xpath: (//i[@class='icon-search search_ico submit-ico-button search-button-top'])[1]] found
26739 [main] INFO  com.project.utilities.BasePage  - [[ChromeDriver: chrome on XP (bcd101914f7ac9fb909af28501d952fe)] -> link text: Interview Questions] found
0    [main] INFO  com.project.utilities.BasePage  - [[ChromeDriver: chrome on XP (1d652c8c690959009b3e44d2286ff2cb)] -> xpath: //a[@data-button-type='Static' and @data-button-name='Login']] found
3797 [main] INFO  com.project.utilities.BasePage  - [[ChromeDriver: chrome on XP (1d652c8c690959009b3e44d2286ff2cb)] -> id: si_popup_email] found
4869 [main] INFO  com.project.utilities.BasePage  - [[ChromeDriver: chrome on XP (1d652c8c690959009b3e44d2286ff2cb)] -> id: si_popup_passwd] found
5793 [main] INFO  com.project.utilities.BasePage  - [[ChromeDriver: chrome on XP (1d652c8c690959009b3e44d2286ff2cb)] -> xpath: //button[text()='Login']] found
13031 [main] INFO  com.project.utilities.BasePage  - [[ChromeDriver: chrome on XP (1d652c8c690959009b3e44d2286ff2cb)] -> id: dropdownMenu3] found
14215 [main] INFO  com.project.utilities.BasePage  - [[ChromeDriver: chrome on XP (1d652c8c690959009b3e44d2286ff2cb)] -> link text: All Courses] found
23752 [main] INFO  com.project.utilities.BasePage  - [[ChromeDriver: chrome on XP (1d652c8c690959009b3e44d2286ff2cb)] -> id: search-inp] found
25092 [main] INFO  com.project.utilities.BasePage  - [[ChromeDriver: chrome on XP (1d652c8c690959009b3e44d2286ff2cb)] -> id: search-button-top] found
0    [main] INFO  com.project.utilities.BasePage  - [[ChromeDriver: chrome on XP (1616aa13944c21e6990543fa3436711c)] -> xpath: //a[@data-button-type='Static' and @data-button-name='Login']] found
964  [main] INFO  com.project.utilities.BasePage  - [[ChromeDriver: chrome on XP (1616aa13944c21e6990543fa3436711c)] -> id: si_popup_email] found
1901 [main] INFO  com.project.utilities.BasePage  - [[ChromeDriver: chrome on XP (1616aa13944c21e6990543fa3436711c)] -> id: si_popup_passwd] found
2815 [main] INFO  com.project.utilities.BasePage  - [[ChromeDriver: chrome on XP (1616aa13944c21e6990543fa3436711c)] -> xpath: //button[text()='Login']] found
9101 [main] INFO  com.project.utilities.BasePage  - [[ChromeDriver: chrome on XP (1616aa13944c21e6990543fa3436711c)] -> id: dropdownMenu3] found
10368 [main] INFO  com.project.utilities.BasePage  - [[ChromeDriver: chrome on XP (1616aa13944c21e6990543fa3436711c)] -> link text: All Courses] found
20014 [main] INFO  com.project.utilities.BasePage  - [[ChromeDriver: chrome on XP (1616aa13944c21e6990543fa3436711c)] -> id: search-inp] found
21484 [main] INFO  com.project.utilities.BasePage  - [[ChromeDriver: chrome on XP (1616aa13944c21e6990543fa3436711c)] -> id: search-button-top] found
26217 [main] INFO  com.project.utilities.BasePage  - [[ChromeDriver: chrome on XP (1616aa13944c21e6990543fa3436711c)] -> id: d_wishlist-icon-535] found
26821 [main] INFO  com.project.utilities.BasePage  - [[ChromeDriver: chrome on XP (1616aa13944c21e6990543fa3436711c)] -> xpath: (//span[@class='webinar-profile-name'])[1]] found
27505 [main] INFO  com.project.utilities.BasePage  - [[ChromeDriver: chrome on XP (1616aa13944c21e6990543fa3436711c)] -> link text: My Wishlist] found
31214 [main] INFO  com.project.utilities.BasePage  - [[ChromeDriver: chrome on XP (1616aa13944c21e6990543fa3436711c)] -> xpath: //i[@class='icon-logo edu-logo-style']] found
0    [main] INFO  com.project.utilities.BasePage  - [[ChromeDriver: chrome on XP (1d78c5b3e5533d1aa3d920de5cf1b8f1)] -> xpath: //a[@data-button-type='Static' and @data-button-name='Login']] found
653  [main] INFO  com.project.utilities.BasePage  - [[ChromeDriver: chrome on XP (1d78c5b3e5533d1aa3d920de5cf1b8f1)] -> id: si_popup_email] found
1376 [main] INFO  com.project.utilities.BasePage  - [[ChromeDriver: chrome on XP (1d78c5b3e5533d1aa3d920de5cf1b8f1)] -> id: si_popup_passwd] found
1488 [main] INFO  com.project.utilities.BasePage  - [[ChromeDriver: chrome on XP (1d78c5b3e5533d1aa3d920de5cf1b8f1)] -> xpath: //button[text()='Login']] found
8454 [main] INFO  com.project.utilities.BasePage  - [[ChromeDriver: chrome on XP (1d78c5b3e5533d1aa3d920de5cf1b8f1)] -> xpath: (//span[@class='webinar-profile-name'])[1]] found
9908 [main] INFO  com.project.utilities.BasePage  - [[ChromeDriver: chrome on XP (1d78c5b3e5533d1aa3d920de5cf1b8f1)] -> link text: My Profile] found
38852 [main] INFO  com.project.utilities.BasePage  - [[ChromeDriver: chrome on XP (1d78c5b3e5533d1aa3d920de5cf1b8f1)] -> xpath: (//a[@class='profile-edit-icon'])[2]] found
39950 [main] INFO  com.project.utilities.BasePage  - [[ChromeDriver: chrome on XP (1d78c5b3e5533d1aa3d920de5cf1b8f1)] -> name: companyName] found
43478 [main] INFO  com.project.utilities.BasePage  - [[ChromeDriver: chrome on XP (1d78c5b3e5533d1aa3d920de5cf1b8f1)] -> name: userSkill] found
0    [main] INFO  com.project.utilities.BasePage  - [[ChromeDriver: chrome on XP (5ded11b0f2980553c626616a9416d6d9)] -> xpath: //a[@data-button-type='Static' and @data-button-name='Login']] found
681  [main] INFO  com.project.utilities.BasePage  - [[ChromeDriver: chrome on XP (5ded11b0f2980553c626616a9416d6d9)] -> id: si_popup_email] found
1573 [main] INFO  com.project.utilities.BasePage  - [[ChromeDriver: chrome on XP (5ded11b0f2980553c626616a9416d6d9)] -> id: si_popup_passwd] found
2409 [main] INFO  com.project.utilities.BasePage  - [[ChromeDriver: chrome on XP (5ded11b0f2980553c626616a9416d6d9)] -> xpath: //button[text()='Login']] found
0    [main] INFO  com.project.utilities.BasePage  - [[ChromeDriver: chrome on XP (b8052530dc6810224c0f026f05663081)] -> xpath: //a[@data-button-type='Static' and @data-button-name='Login']] found
695  [main] INFO  com.project.utilities.BasePage  - [[ChromeDriver: chrome on XP (b8052530dc6810224c0f026f05663081)] -> id: si_popup_email] found
1619 [main] INFO  com.project.utilities.BasePage  - [[ChromeDriver: chrome on XP (b8052530dc6810224c0f026f05663081)] -> id: si_popup_passwd] found
2463 [main] INFO  com.project.utilities.BasePage  - [[ChromeDriver: chrome on XP (b8052530dc6810224c0f026f05663081)] -> xpath: //button[text()='Login']] found
0    [main] INFO  com.project.utilities.BasePage  - [[ChromeDriver: chrome on XP (e10231baeace00fc526bac6110bd422f)] -> xpath: //a[@data-button-type='Static' and @data-button-name='Login']] found
486  [main] INFO  com.project.utilities.BasePage  - [[ChromeDriver: chrome on XP (e10231baeace00fc526bac6110bd422f)] -> id: si_popup_email] found
1382 [main] INFO  com.project.utilities.BasePage  - [[ChromeDriver: chrome on XP (e10231baeace00fc526bac6110bd422f)] -> id: si_popup_passwd] found
2225 [main] INFO  com.project.utilities.BasePage  - [[ChromeDriver: chrome on XP (e10231baeace00fc526bac6110bd422f)] -> xpath: //button[text()='Login']] found
10376 [main] INFO  com.project.utilities.BasePage  - [[ChromeDriver: chrome on XP (e10231baeace00fc526bac6110bd422f)] -> id: dropdownMenu3] found
11271 [main] INFO  com.project.utilities.BasePage  - [[ChromeDriver: chrome on XP (e10231baeace00fc526bac6110bd422f)] -> link text: My Classroom] found
58900 [main] INFO  com.project.utilities.BasePage  - [[ChromeDriver: chrome on XP (e10231baeace00fc526bac6110bd422f)] -> xpath: //span[@class='user_name']] found
59053 [main] INFO  com.project.utilities.BasePage  - [[ChromeDriver: chrome on XP (e10231baeace00fc526bac6110bd422f)] -> link text: Log Out] found
0    [main] INFO  com.project.utilities.BasePage  - [[ChromeDriver: chrome on XP (47a48d351347a938d0e9fc72ccc40ccf)] -> xpath: //a[@data-button-type='Static' and @data-button-name='Login']] found
1037 [main] INFO  com.project.utilities.BasePage  - [[ChromeDriver: chrome on XP (47a48d351347a938d0e9fc72ccc40ccf)] -> id: si_popup_email] found
1943 [main] INFO  com.project.utilities.BasePage  - [[ChromeDriver: chrome on XP (47a48d351347a938d0e9fc72ccc40ccf)] -> id: si_popup_passwd] found
2802 [main] INFO  com.project.utilities.BasePage  - [[ChromeDriver: chrome on XP (47a48d351347a938d0e9fc72ccc40ccf)] -> xpath: //button[text()='Login']] found
0    [main] INFO  com.project.utilities.BasePage  - [[ChromeDriver: chrome on XP (eb11679360d75c8d7dc3e8ea126c0368)] -> xpath: //a[@data-button-type='Static' and @data-button-name='Login']] found
984  [main] INFO  com.project.utilities.BasePage  - [[ChromeDriver: chrome on XP (eb11679360d75c8d7dc3e8ea126c0368)] -> id: si_popup_email] found
1866 [main] INFO  com.project.utilities.BasePage  - [[ChromeDriver: chrome on XP (eb11679360d75c8d7dc3e8ea126c0368)] -> id: si_popup_passwd] found
2689 [main] INFO  com.project.utilities.BasePage  - [[ChromeDriver: chrome on XP (eb11679360d75c8d7dc3e8ea126c0368)] -> xpath: //button[text()='Login']] found
9675 [main] INFO  com.project.utilities.BasePage  - [[ChromeDriver: chrome on XP (eb11679360d75c8d7dc3e8ea126c0368)] -> id: dropdownMenu4] found
12670 [main] INFO  com.project.utilities.BasePage  - [[ChromeDriver: chrome on XP (eb11679360d75c8d7dc3e8ea126c0368)] -> link text: Blog] found
19613 [main] INFO  com.project.utilities.BasePage  - [[ChromeDriver: chrome on XP (eb11679360d75c8d7dc3e8ea126c0368)] -> id: search-inp] found
22589 [main] INFO  com.project.utilities.BasePage  - [[ChromeDriver: chrome on XP (eb11679360d75c8d7dc3e8ea126c0368)] -> xpath: (//i[@class='icon-search search_ico submit-ico-button search-button-top'])[1]] found
29773 [main] INFO  com.project.utilities.BasePage  - [[ChromeDriver: chrome on XP (eb11679360d75c8d7dc3e8ea126c0368)] -> link text: Interview Questions] found
0    [main] INFO  com.project.utilities.BasePage  - [[ChromeDriver: chrome on XP (a550cfd6505bcbe4b546680713570a2f)] -> xpath: //a[@data-button-type='Static' and @data-button-name='Login']] found
1388 [main] INFO  com.project.utilities.BasePage  - [[ChromeDriver: chrome on XP (a550cfd6505bcbe4b546680713570a2f)] -> id: si_popup_email] found
2370 [main] INFO  com.project.utilities.BasePage  - [[ChromeDriver: chrome on XP (a550cfd6505bcbe4b546680713570a2f)] -> id: si_popup_passwd] found
3320 [main] INFO  com.project.utilities.BasePage  - [[ChromeDriver: chrome on XP (a550cfd6505bcbe4b546680713570a2f)] -> xpath: //button[text()='Login']] found
8210 [main] INFO  com.project.utilities.BasePage  - [[ChromeDriver: chrome on XP (a550cfd6505bcbe4b546680713570a2f)] -> id: dropdownMenu3] found
9412 [main] INFO  com.project.utilities.BasePage  - [[ChromeDriver: chrome on XP (a550cfd6505bcbe4b546680713570a2f)] -> link text: All Courses] found
19752 [main] INFO  com.project.utilities.BasePage  - [[ChromeDriver: chrome on XP (a550cfd6505bcbe4b546680713570a2f)] -> id: search-inp] found
21098 [main] INFO  com.project.utilities.BasePage  - [[ChromeDriver: chrome on XP (a550cfd6505bcbe4b546680713570a2f)] -> id: search-button-top] found
0    [main] INFO  com.project.utilities.BasePage  - [[ChromeDriver: chrome on XP (6eccf583079399b07d39219e6ab5f21b)] -> xpath: //a[@data-button-type='Static' and @data-button-name='Login']] found
1154 [main] INFO  com.project.utilities.BasePage  - [[ChromeDriver: chrome on XP (6eccf583079399b07d39219e6ab5f21b)] -> id: si_popup_email] found
2261 [main] INFO  com.project.utilities.BasePage  - [[ChromeDriver: chrome on XP (6eccf583079399b07d39219e6ab5f21b)] -> id: si_popup_passwd] found
3195 [main] INFO  com.project.utilities.BasePage  - [[ChromeDriver: chrome on XP (6eccf583079399b07d39219e6ab5f21b)] -> xpath: //button[text()='Login']] found
10662 [main] INFO  com.project.utilities.BasePage  - [[ChromeDriver: chrome on XP (6eccf583079399b07d39219e6ab5f21b)] -> id: dropdownMenu3] found
11707 [main] INFO  com.project.utilities.BasePage  - [[ChromeDriver: chrome on XP (6eccf583079399b07d39219e6ab5f21b)] -> link text: All Courses] found
21646 [main] INFO  com.project.utilities.BasePage  - [[ChromeDriver: chrome on XP (6eccf583079399b07d39219e6ab5f21b)] -> id: search-inp] found
22999 [main] INFO  com.project.utilities.BasePage  - [[ChromeDriver: chrome on XP (6eccf583079399b07d39219e6ab5f21b)] -> id: search-button-top] found
26291 [main] INFO  com.project.utilities.BasePage  - [[ChromeDriver: chrome on XP (6eccf583079399b07d39219e6ab5f21b)] -> id: d_wishlist-icon-535] found
26983 [main] INFO  com.project.utilities.BasePage  - [[ChromeDriver: chrome on XP (6eccf583079399b07d39219e6ab5f21b)] -> xpath: (//span[@class='webinar-profile-name'])[1]] found
27681 [main] INFO  com.project.utilities.BasePage  - [[ChromeDriver: chrome on XP (6eccf583079399b07d39219e6ab5f21b)] -> link text: My Wishlist] found
30758 [main] INFO  com.project.utilities.BasePage  - [[ChromeDriver: chrome on XP (6eccf583079399b07d39219e6ab5f21b)] -> xpath: //i[@class='icon-logo edu-logo-style']] found
0    [main] INFO  com.project.utilities.BasePage  - [[ChromeDriver: chrome on XP (f109b01890d57d7141fe945102d30601)] -> xpath: //a[@data-button-type='Static' and @data-button-name='Login']] found
1911 [main] INFO  com.project.utilities.BasePage  - [[ChromeDriver: chrome on XP (f109b01890d57d7141fe945102d30601)] -> id: si_popup_email] found
2605 [main] INFO  com.project.utilities.BasePage  - [[ChromeDriver: chrome on XP (f109b01890d57d7141fe945102d30601)] -> id: si_popup_passwd] found
2725 [main] INFO  com.project.utilities.BasePage  - [[ChromeDriver: chrome on XP (f109b01890d57d7141fe945102d30601)] -> xpath: //button[text()='Login']] found
9634 [main] INFO  com.project.utilities.BasePage  - [[ChromeDriver: chrome on XP (f109b01890d57d7141fe945102d30601)] -> xpath: (//span[@class='webinar-profile-name'])[1]] found
10843 [main] INFO  com.project.utilities.BasePage  - [[ChromeDriver: chrome on XP (f109b01890d57d7141fe945102d30601)] -> link text: My Profile] found
34907 [main] INFO  com.project.utilities.BasePage  - [[ChromeDriver: chrome on XP (f109b01890d57d7141fe945102d30601)] -> xpath: (//a[@class='profile-edit-icon'])[2]] found
36014 [main] INFO  com.project.utilities.BasePage  - [[ChromeDriver: chrome on XP (f109b01890d57d7141fe945102d30601)] -> name: companyName] found
39535 [main] INFO  com.project.utilities.BasePage  - [[ChromeDriver: chrome on XP (f109b01890d57d7141fe945102d30601)] -> name: userSkill] found
